<?xml version="1.0" encoding="UTF-8"?>
<testng-results ignored="0" total="2" passed="2" failed="0" skipped="0">
  <reporter-output>
  </reporter-output>
  <suite started-at="2023-07-26T12:38:09 IST" name="Surefire suite" finished-at="2023-07-26T12:38:09 IST" duration-ms="93">
    <groups>
    </groups>
    <test started-at="2023-07-26T12:38:09 IST" name="Surefire test" finished-at="2023-07-26T12:38:09 IST" duration-ms="93">
      <class name="automation.verizon_jenkins.MobileTest">
        <test-method signature="login()[pri:0, instance:automation.verizon_jenkins.MobileTest@473b46c3]" started-at="2023-07-26T12:38:09 IST" name="login" finished-at="2023-07-26T12:38:09 IST" duration-ms="11" status="PASS">
          <reporter-output>
          </reporter-output>
        </test-method> <!-- login -->
        <test-method signature="logout()[pri:0, instance:automation.verizon_jenkins.MobileTest@473b46c3]" started-at="2023-07-26T12:38:09 IST" name="logout" finished-at="2023-07-26T12:38:09 IST" duration-ms="0" status="PASS">
          <reporter-output>
          </reporter-output>
        </test-method> <!-- logout -->
      </class> <!-- automation.verizon_jenkins.MobileTest -->
    </test> <!-- Surefire test -->
  </suite> <!-- Surefire suite -->
</testng-results>
